Starting create basis now!
Constructing training set with the size of 1875 ...
This is the 1-th iteration. sigma is 0.9999972213411321.
This is the 2-th iteration. sigma is 0.9999855253470535.
This is the 3-th iteration. sigma is 0.9999450911235441.
This is the 4-th iteration. sigma is 0.9998667543391963.
This is the 5-th iteration. sigma is 0.9998353612141413.
This is the 6-th iteration. sigma is 0.9996068794455355.
This is the 7-th iteration. sigma is 0.9993768779014041.
This is the 8-th iteration. sigma is 0.9986139563175891.
This is the 9-th iteration. sigma is 0.9980724044975495.
This is the 10-th iteration. sigma is 0.9975412801833143.
This is the 11-th iteration. sigma is 0.9969526255271197.
This is the 12-th iteration. sigma is 0.9942992387704737.
This is the 13-th iteration. sigma is 0.992580110522379.
This is the 14-th iteration. sigma is 0.9892399174094535.
This is the 15-th iteration. sigma is 0.9822358450416866.
This is the 16-th iteration. sigma is 0.9743030763056195.
This is the 17-th iteration. sigma is 0.9659053700487824.
This is the 18-th iteration. sigma is 0.9608807862433444.
This is the 19-th iteration. sigma is 0.953910603108399.
This is the 20-th iteration. sigma is 0.9488345510447846.
This is the 21-th iteration. sigma is 0.947099749957441.
This is the 22-th iteration. sigma is 0.9415692935602439.
This is the 23-th iteration. sigma is 0.9373341049062791.
This is the 24-th iteration. sigma is 0.9333753162668585.
This is the 25-th iteration. sigma is 0.923104786791034.
This is the 26-th iteration. sigma is 0.9048520956813204.
This is the 27-th iteration. sigma is 0.9015859069743198.
This is the 28-th iteration. sigma is 0.8924871526872395.
This is the 29-th iteration. sigma is 0.8899963931600566.
This is the 30-th iteration. sigma is 0.8638202783710449.
This is the 31-th iteration. sigma is 0.8609162277595246.
This is the 32-th iteration. sigma is 0.8580686763680312.
This is the 33-th iteration. sigma is 0.8535400993875927.
This is the 34-th iteration. sigma is 0.8094252418151068.
This is the 35-th iteration. sigma is 0.8075082046821481.
This is the 36-th iteration. sigma is 0.798833682130025.
This is the 37-th iteration. sigma is 0.7802801373004937.
This is the 38-th iteration. sigma is 0.7772815004141929.
This is the 39-th iteration. sigma is 0.7444330766067524.
This is the 40-th iteration. sigma is 0.734561049723988.
This is the 41-th iteration. sigma is 0.7143594739808397.
This is the 42-th iteration. sigma is 0.7107243544710564.
This is the 43-th iteration. sigma is 0.6791324022505181.
This is the 44-th iteration. sigma is 0.6755846811430424.
This is the 45-th iteration. sigma is 0.6581164012465719.
This is the 46-th iteration. sigma is 0.6567317297624644.
This is the 47-th iteration. sigma is 0.6324248746939335.
This is the 48-th iteration. sigma is 0.589956211779703.
This is the 49-th iteration. sigma is 0.5774225204563637.
This is the 50-th iteration. sigma is 0.535549346452636.
This is the 51-th iteration. sigma is 0.5167427608726758.
This is the 52-th iteration. sigma is 0.5006642170737129.
This is the 53-th iteration. sigma is 0.47339758554477074.
This is the 54-th iteration. sigma is 0.45323901087501206.
This is the 55-th iteration. sigma is 0.42909767733645493.
This is the 56-th iteration. sigma is 0.4206600889596931.
This is the 57-th iteration. sigma is 0.4080154866260637.
This is the 58-th iteration. sigma is 0.3969190202464379.
This is the 59-th iteration. sigma is 0.35534353947163666.
This is the 60-th iteration. sigma is 0.350867046931985.
This is the 61-th iteration. sigma is 0.32137665298149426.
This is the 62-th iteration. sigma is 0.299816258289807.
This is the 63-th iteration. sigma is 0.29087349725996003.
This is the 64-th iteration. sigma is 0.2846097646985085.
This is the 65-th iteration. sigma is 0.27679804343029396.
This is the 66-th iteration. sigma is 0.22634194021509704.
This is the 67-th iteration. sigma is 0.2004516564357909.
This is the 68-th iteration. sigma is 0.18229643030297507.
This is the 69-th iteration. sigma is 0.15924566533853068.
This is the 70-th iteration. sigma is 0.14219050418551948.
This is the 71-th iteration. sigma is 0.12159790844915383.
This is the 72-th iteration. sigma is 0.10407576350689074.
This is the 73-th iteration. sigma is 0.09260763367020465.
This is the 74-th iteration. sigma is 0.08739763069877537.
This is the 75-th iteration. sigma is 0.08462652938329548.
This is the 76-th iteration. sigma is 0.07611510455516998.
This is the 77-th iteration. sigma is 0.06796348113798713.
This is the 78-th iteration. sigma is 0.05971968115202944.
This is the 79-th iteration. sigma is 0.02483151047616581.
This is the 80-th iteration. sigma is 0.019542564214954823.
This is the 81-th iteration. sigma is 0.010030531321880153.
This is the 82-th iteration. sigma is 0.008960571272873218.
This is the 83-th iteration. sigma is 0.007093943554717269.
This is the 84-th iteration. sigma is 0.006726092165517597.
This is the 85-th iteration. sigma is 0.005073083491217834.
This is the 86-th iteration. sigma is 0.004464522402648259.
This is the 87-th iteration. sigma is 0.0034949916117822527.
This is the 88-th iteration. sigma is 0.0010771247377806346.
This is the 89-th iteration. sigma is 0.0007286516795445199.
This is the 90-th iteration. sigma is 0.00036666489475088574.
This is the 91-th iteration. sigma is 0.0002830915352214305.
This is the 92-th iteration. sigma is 0.00024465553265558325.
This is the 93-th iteration. sigma is 0.0001585690235926684.
This is the 94-th iteration. sigma is 0.0001387227921592365.
This is the 95-th iteration. sigma is 8.978222237830916e-05.
This is the 96-th iteration. sigma is 8.24785327798466e-05.
This is the 97-th iteration. sigma is 3.426475972311198e-05.
This is the 98-th iteration. sigma is 1.2554981475511763e-05.
This is the 99-th iteration. sigma is 3.764585919456156e-06.
This is the 100-th iteration. sigma is 2.375213055447479e-06.
This is the 101-th iteration. sigma is 1.014500838358663e-06.
This is the 102-th iteration. sigma is 6.953258164893362e-07.
This is the 103-th iteration. sigma is 4.781643107083296e-07.
This is the 104-th iteration. sigma is 4.1560620391652707e-07.
This is the 105-th iteration. sigma is 3.2884916037937e-07.
This is the 106-th iteration. sigma is 1.7580490655557503e-07.
This is the 107-th iteration. sigma is 1.1865007901298792e-07.
This is the 108-th iteration. sigma is 8.469207691023821e-08.
This is the 109-th iteration. sigma is 7.47289593845388e-08.
This is the 110-th iteration. sigma is 5.883233993521202e-08.
This is the 111-th iteration. sigma is 4.1968437921919864e-08.
This is the 112-th iteration. sigma is 2.718591129653e-08.
This is the 113-th iteration. sigma is 2.2540908831930072e-08.
This is the 114-th iteration. sigma is 1.8111590222768016e-08.
This is the 115-th iteration. sigma is 1.2620501923272498e-08.
This is the 116-th iteration. sigma is 1.1152656322580408e-08.
This is the 117-th iteration. sigma is 1.0758965282154276e-08.
This is the 118-th iteration. sigma is 5.573714588580046e-09.
This is the 119-th iteration. sigma is 4.7088609527863e-09.
This is the 120-th iteration. sigma is 3.5262762221923914e-09.
This is the 121-th iteration. sigma is 1.5067976996312155e-09.
This is the 122-th iteration. sigma is 8.414311877950587e-10.
This is the 123-th iteration. sigma is 7.080000455086358e-10.
This is the 124-th iteration. sigma is 5.954553618723415e-10.
This is the 125-th iteration. sigma is 5.180739471408395e-10.
This is the 126-th iteration. sigma is 3.096687154985462e-10.
This is the 127-th iteration. sigma is 2.2811808731832564e-10.
This is the 128-th iteration. sigma is 1.6391441317878324e-10.
This is the 129-th iteration. sigma is 1.1083935630038924e-10.
This is the 130-th iteration. sigma is 9.999473426305251e-11.
Validating the basis ...
The maximum error is 3.288871175399777e-08.
The training set is not large enough. Repeat the basis construction with additional 4654 vectors.
Constructing training set with the size of 6529 ...
This is the 1-th iteration. sigma is 0.9999972213411321.
This is the 2-th iteration. sigma is 0.9999855253470535.
This is the 3-th iteration. sigma is 0.9999450911235441.
This is the 4-th iteration. sigma is 0.9998667543391963.
This is the 5-th iteration. sigma is 0.9998353612141413.
This is the 6-th iteration. sigma is 0.9996068794455355.
This is the 7-th iteration. sigma is 0.9993768779014041.
This is the 8-th iteration. sigma is 0.9988601928407589.
This is the 9-th iteration. sigma is 0.9985061083243602.
This is the 10-th iteration. sigma is 0.9976113458447332.
This is the 11-th iteration. sigma is 0.9962605168843721.
This is the 12-th iteration. sigma is 0.9943055854918373.
This is the 13-th iteration. sigma is 0.9927503942253053.
This is the 14-th iteration. sigma is 0.9885295433967791.
This is the 15-th iteration. sigma is 0.9851196615559722.
This is the 16-th iteration. sigma is 0.9821646581577398.
This is the 17-th iteration. sigma is 0.9770224710519031.
This is the 18-th iteration. sigma is 0.9737176521799573.
This is the 19-th iteration. sigma is 0.9720001158911504.
This is the 20-th iteration. sigma is 0.9604901192973139.
This is the 21-th iteration. sigma is 0.9595345479458024.
This is the 22-th iteration. sigma is 0.9504790187120792.
This is the 23-th iteration. sigma is 0.9498903241738954.
This is the 24-th iteration. sigma is 0.9477290071742024.
This is the 25-th iteration. sigma is 0.9395289469620383.
This is the 26-th iteration. sigma is 0.9392131057343857.
This is the 27-th iteration. sigma is 0.932842313443774.
This is the 28-th iteration. sigma is 0.9231893916220273.
This is the 29-th iteration. sigma is 0.9046863021029554.
This is the 30-th iteration. sigma is 0.8952183566841889.
This is the 31-th iteration. sigma is 0.8915768074795742.
This is the 32-th iteration. sigma is 0.8877306259362268.
This is the 33-th iteration. sigma is 0.8805363436314539.
This is the 34-th iteration. sigma is 0.8619595015721744.
This is the 35-th iteration. sigma is 0.8430480063801953.
This is the 36-th iteration. sigma is 0.8414316884652044.
This is the 37-th iteration. sigma is 0.8321293629132547.
This is the 38-th iteration. sigma is 0.8251783622912394.
This is the 39-th iteration. sigma is 0.818519952697397.
This is the 40-th iteration. sigma is 0.8133832549307722.
This is the 41-th iteration. sigma is 0.7856247530916236.
This is the 42-th iteration. sigma is 0.7848335009533998.
This is the 43-th iteration. sigma is 0.7782172485150255.
This is the 44-th iteration. sigma is 0.7763695531613567.
This is the 45-th iteration. sigma is 0.7738209491303696.
This is the 46-th iteration. sigma is 0.7359894288229445.
This is the 47-th iteration. sigma is 0.7269434319907767.
This is the 48-th iteration. sigma is 0.7200387375602884.
This is the 49-th iteration. sigma is 0.676180557613136.
This is the 50-th iteration. sigma is 0.6626667119951566.
This is the 51-th iteration. sigma is 0.5896532034650908.
This is the 52-th iteration. sigma is 0.5751469020334415.
This is the 53-th iteration. sigma is 0.5598412804515165.
This is the 54-th iteration. sigma is 0.5570807455421951.
This is the 55-th iteration. sigma is 0.5546072647407416.
This is the 56-th iteration. sigma is 0.5228820215953089.
This is the 57-th iteration. sigma is 0.5084707744396435.
This is the 58-th iteration. sigma is 0.4818015078194825.
This is the 59-th iteration. sigma is 0.46988401903816646.
This is the 60-th iteration. sigma is 0.42185148843051.
This is the 61-th iteration. sigma is 0.4128549405828633.
This is the 62-th iteration. sigma is 0.3831263151206681.
This is the 63-th iteration. sigma is 0.36916819910916243.
This is the 64-th iteration. sigma is 0.34809576444483076.
This is the 65-th iteration. sigma is 0.3441537971059486.
This is the 66-th iteration. sigma is 0.33638863027852395.
This is the 67-th iteration. sigma is 0.33085874802067144.
This is the 68-th iteration. sigma is 0.26161486293846264.
This is the 69-th iteration. sigma is 0.2505919798074244.
This is the 70-th iteration. sigma is 0.23201733886647635.
This is the 71-th iteration. sigma is 0.18969188633879652.
This is the 72-th iteration. sigma is 0.1850126452278455.
This is the 73-th iteration. sigma is 0.17310861453054963.
This is the 74-th iteration. sigma is 0.12532599893442745.
This is the 75-th iteration. sigma is 0.12456042036182907.
This is the 76-th iteration. sigma is 0.10864140406291994.
This is the 77-th iteration. sigma is 0.0787385433824028.
This is the 78-th iteration. sigma is 0.07703215911538464.
This is the 79-th iteration. sigma is 0.06355532864237001.
This is the 80-th iteration. sigma is 0.04599762080938878.
This is the 81-th iteration. sigma is 0.02435237599314212.
This is the 82-th iteration. sigma is 0.020406303625779006.
This is the 83-th iteration. sigma is 0.015819722322147997.
This is the 84-th iteration. sigma is 0.012612717230988876.
This is the 85-th iteration. sigma is 0.008300344192405211.
This is the 86-th iteration. sigma is 0.006879889537621021.
This is the 87-th iteration. sigma is 0.005924315945019295.
This is the 88-th iteration. sigma is 0.00433347017038032.
This is the 89-th iteration. sigma is 0.0014375646101099015.
This is the 90-th iteration. sigma is 0.0003707555747364509.
This is the 91-th iteration. sigma is 0.00035575622829168264.
This is the 92-th iteration. sigma is 0.00033034328321443853.
This is the 93-th iteration. sigma is 0.0001538309812560481.
This is the 94-th iteration. sigma is 0.0001336531738424937.
This is the 95-th iteration. sigma is 9.518194925654839e-05.
This is the 96-th iteration. sigma is 5.910302012905884e-05.
This is the 97-th iteration. sigma is 4.1106679506833473e-05.
This is the 98-th iteration. sigma is 1.1937791922298172e-05.
This is the 99-th iteration. sigma is 1.0382481871893726e-05.
This is the 100-th iteration. sigma is 4.129864744288185e-06.
This is the 101-th iteration. sigma is 2.410825728049553e-06.
This is the 102-th iteration. sigma is 8.417742623128495e-07.
This is the 103-th iteration. sigma is 7.667771223042681e-07.
This is the 104-th iteration. sigma is 3.809830716174786e-07.
This is the 105-th iteration. sigma is 2.6759838018653893e-07.
This is the 106-th iteration. sigma is 2.1807254033166324e-07.
This is the 107-th iteration. sigma is 1.8275770812270831e-07.
This is the 108-th iteration. sigma is 1.2220027993850248e-07.
This is the 109-th iteration. sigma is 9.916914711907187e-08.
This is the 110-th iteration. sigma is 8.26351462885554e-08.
This is the 111-th iteration. sigma is 6.292405017038241e-08.
This is the 112-th iteration. sigma is 5.5023292558513305e-08.
This is the 113-th iteration. sigma is 4.26865849287393e-08.
This is the 114-th iteration. sigma is 3.5566354788488256e-08.
This is the 115-th iteration. sigma is 3.0753586185799594e-08.
This is the 116-th iteration. sigma is 2.843426560458369e-08.
This is the 117-th iteration. sigma is 1.7013290577595014e-08.
This is the 118-th iteration. sigma is 1.0186614271890846e-08.
This is the 119-th iteration. sigma is 8.045213749748668e-09.
This is the 120-th iteration. sigma is 6.6699737081737854e-09.
This is the 121-th iteration. sigma is 6.057367067548207e-09.
This is the 122-th iteration. sigma is 4.469037409818216e-09.
This is the 123-th iteration. sigma is 3.9815012640839646e-09.
This is the 124-th iteration. sigma is 3.182316719655314e-09.
This is the 125-th iteration. sigma is 2.2815467570732525e-09.
This is the 126-th iteration. sigma is 1.9816151138458443e-09.
This is the 127-th iteration. sigma is 1.4225688706602495e-09.
This is the 128-th iteration. sigma is 9.330982310205512e-10.
This is the 129-th iteration. sigma is 7.357517754289995e-10.
This is the 130-th iteration. sigma is 4.582674591399841e-10.
This is the 131-th iteration. sigma is 2.970525051912199e-10.
This is the 132-th iteration. sigma is 2.2372112959252902e-10.
This is the 133-th iteration. sigma is 1.8415610053228686e-10.
This is the 134-th iteration. sigma is 1.6046000101391501e-10.
This is the 135-th iteration. sigma is 1.3962335798220478e-10.
This is the 136-th iteration. sigma is 9.999810800549403e-11.
Validating the basis ...
The maximum error is 1.2124956594306013e-10.
The training set is not large enough. Repeat the basis construction with additional 4 vectors.
Constructing training set with the size of 6533 ...
This is the 1-th iteration. sigma is 0.9999972213411321.
This is the 2-th iteration. sigma is 0.9999855253470535.
This is the 3-th iteration. sigma is 0.9999450911235441.
This is the 4-th iteration. sigma is 0.9998667543391963.
This is the 5-th iteration. sigma is 0.9998353612141413.
This is the 6-th iteration. sigma is 0.9996068794455355.
This is the 7-th iteration. sigma is 0.9993768779014041.
This is the 8-th iteration. sigma is 0.9988601928407589.
This is the 9-th iteration. sigma is 0.9985061083243602.
This is the 10-th iteration. sigma is 0.9976113458447332.
This is the 11-th iteration. sigma is 0.9962605168843721.
This is the 12-th iteration. sigma is 0.9943055854918373.
This is the 13-th iteration. sigma is 0.9927503942253053.
This is the 14-th iteration. sigma is 0.9885295433967791.
This is the 15-th iteration. sigma is 0.9851196615559722.
This is the 16-th iteration. sigma is 0.9821646581577398.
This is the 17-th iteration. sigma is 0.9802245060489726.
This is the 18-th iteration. sigma is 0.9770077310004998.
This is the 19-th iteration. sigma is 0.9734835085844309.
This is the 20-th iteration. sigma is 0.9719935184997524.
This is the 21-th iteration. sigma is 0.9604558915120175.
This is the 22-th iteration. sigma is 0.9595266071910922.
This is the 23-th iteration. sigma is 0.9504727771432246.
This is the 24-th iteration. sigma is 0.9498562675860506.
This is the 25-th iteration. sigma is 0.939559367278727.
This is the 26-th iteration. sigma is 0.9390023446681757.
This is the 27-th iteration. sigma is 0.9328713158542483.
This is the 28-th iteration. sigma is 0.9270129151267719.
This is the 29-th iteration. sigma is 0.9122258465767208.
This is the 30-th iteration. sigma is 0.8952193036509253.
This is the 31-th iteration. sigma is 0.8915899748592995.
This is the 32-th iteration. sigma is 0.8877469424702933.
This is the 33-th iteration. sigma is 0.8797264836217634.
This is the 34-th iteration. sigma is 0.8625725795352908.
This is the 35-th iteration. sigma is 0.8461672051146838.
This is the 36-th iteration. sigma is 0.8430002160182688.
This is the 37-th iteration. sigma is 0.8316773965369291.
This is the 38-th iteration. sigma is 0.8252417365255884.
This is the 39-th iteration. sigma is 0.819246386553129.
This is the 40-th iteration. sigma is 0.8169434832684934.
This is the 41-th iteration. sigma is 0.8047873179370473.
This is the 42-th iteration. sigma is 0.785338927003411.
This is the 43-th iteration. sigma is 0.7763850738991496.
This is the 44-th iteration. sigma is 0.7738164047806981.
This is the 45-th iteration. sigma is 0.7488109866162935.
This is the 46-th iteration. sigma is 0.738034427121448.
This is the 47-th iteration. sigma is 0.727198014417189.
This is the 48-th iteration. sigma is 0.7127748842170414.
This is the 49-th iteration. sigma is 0.6727944933559884.
This is the 50-th iteration. sigma is 0.6626339138852524.
This is the 51-th iteration. sigma is 0.6313689076358968.
This is the 52-th iteration. sigma is 0.5886922234968369.
This is the 53-th iteration. sigma is 0.5594721404057029.
This is the 54-th iteration. sigma is 0.5580759936504454.
This is the 55-th iteration. sigma is 0.5543084758753007.
This is the 56-th iteration. sigma is 0.5364471391480293.
This is the 57-th iteration. sigma is 0.5300784101265508.
This is the 58-th iteration. sigma is 0.5215320502027128.
This is the 59-th iteration. sigma is 0.4968569566196334.
This is the 60-th iteration. sigma is 0.4873730780915986.
This is the 61-th iteration. sigma is 0.41302266820554856.
This is the 62-th iteration. sigma is 0.4050250229474852.
This is the 63-th iteration. sigma is 0.3811227516875592.
This is the 64-th iteration. sigma is 0.375939436600364.
This is the 65-th iteration. sigma is 0.36891508193041933.
This is the 66-th iteration. sigma is 0.340901924918557.
This is the 67-th iteration. sigma is 0.33335461941501865.
This is the 68-th iteration. sigma is 0.32833560039881526.
This is the 69-th iteration. sigma is 0.2670875697127423.
This is the 70-th iteration. sigma is 0.2010284061914951.
This is the 71-th iteration. sigma is 0.1899727823411135.
This is the 72-th iteration. sigma is 0.17321097159592752.
This is the 73-th iteration. sigma is 0.15606538228290898.
This is the 74-th iteration. sigma is 0.1253477598950852.
This is the 75-th iteration. sigma is 0.1169655016853072.
This is the 76-th iteration. sigma is 0.08534877016300356.
This is the 77-th iteration. sigma is 0.07691409978436883.
This is the 78-th iteration. sigma is 0.07427965307693288.
This is the 79-th iteration. sigma is 0.06349873992162544.
This is the 80-th iteration. sigma is 0.03917312232941397.
This is the 81-th iteration. sigma is 0.020671563895033003.
This is the 82-th iteration. sigma is 0.020368721080207437.
This is the 83-th iteration. sigma is 0.01806366636679427.
This is the 84-th iteration. sigma is 0.008869232755244549.
This is the 85-th iteration. sigma is 0.008355834548591344.
This is the 86-th iteration. sigma is 0.0061956658935382325.
This is the 87-th iteration. sigma is 0.00595231544391215.
This is the 88-th iteration. sigma is 0.0021655871441129656.
This is the 89-th iteration. sigma is 0.0010140400619246806.
This is the 90-th iteration. sigma is 0.0008703099489651718.
This is the 91-th iteration. sigma is 0.0004022021310457995.
This is the 92-th iteration. sigma is 0.00036748712271496373.
This is the 93-th iteration. sigma is 0.00018536983588026245.
This is the 94-th iteration. sigma is 0.00015286310300356156.
This is the 95-th iteration. sigma is 8.16403611801643e-05.
This is the 96-th iteration. sigma is 3.926968996242151e-05.
This is the 97-th iteration. sigma is 2.7533906375341143e-05.
This is the 98-th iteration. sigma is 2.1668311613143665e-05.
This is the 99-th iteration. sigma is 9.300365808905156e-06.
This is the 100-th iteration. sigma is 5.222338294497004e-06.
This is the 101-th iteration. sigma is 2.08659679394273e-06.
This is the 102-th iteration. sigma is 1.5716973949123853e-06.
This is the 103-th iteration. sigma is 5.732312611817198e-07.
This is the 104-th iteration. sigma is 4.027334650675743e-07.
This is the 105-th iteration. sigma is 2.8622334314107316e-07.
This is the 106-th iteration. sigma is 2.661444556176164e-07.
This is the 107-th iteration. sigma is 1.785704971951944e-07.
This is the 108-th iteration. sigma is 1.681270603055021e-07.
This is the 109-th iteration. sigma is 8.375180842808184e-08.
This is the 110-th iteration. sigma is 7.416283801185778e-08.
This is the 111-th iteration. sigma is 5.942775953190838e-08.
This is the 112-th iteration. sigma is 4.508691504208373e-08.
This is the 113-th iteration. sigma is 3.2027001964783355e-08.
This is the 114-th iteration. sigma is 2.6520468021114337e-08.
This is the 115-th iteration. sigma is 2.0821311703365742e-08.
This is the 116-th iteration. sigma is 1.944300350821488e-08.
This is the 117-th iteration. sigma is 1.643382197605135e-08.
This is the 118-th iteration. sigma is 1.2144272387319998e-08.
This is the 119-th iteration. sigma is 9.00561772604655e-09.
This is the 120-th iteration. sigma is 7.836540005848579e-09.
This is the 121-th iteration. sigma is 6.984656654275983e-09.
This is the 122-th iteration. sigma is 4.6436630611583184e-09.
This is the 123-th iteration. sigma is 3.392896880565794e-09.
This is the 124-th iteration. sigma is 3.0590915650623697e-09.
This is the 125-th iteration. sigma is 2.1084406026338775e-09.
This is the 126-th iteration. sigma is 1.6238968529167463e-09.
This is the 127-th iteration. sigma is 1.161046716343329e-09.
This is the 128-th iteration. sigma is 1.1212161609926763e-09.
This is the 129-th iteration. sigma is 7.389748294677294e-10.
This is the 130-th iteration. sigma is 5.474407910888663e-10.
This is the 131-th iteration. sigma is 2.9418613456005757e-10.
This is the 132-th iteration. sigma is 2.4716171669082623e-10.
This is the 133-th iteration. sigma is 2.2360462827987247e-10.
This is the 134-th iteration. sigma is 1.4042543372497303e-10.
This is the 135-th iteration. sigma is 1.0107798063887545e-10.
This is the 136-th iteration. sigma is 9.999949785832839e-11.
Validating the basis ...
The maximum error is 1.4922463265065744e-10.
The training set is not large enough. Repeat the basis construction with additional 19 vectors.
Constructing training set with the size of 6552 ...
This is the 1-th iteration. sigma is 0.9999972213411321.
This is the 2-th iteration. sigma is 0.9999855253470535.
This is the 3-th iteration. sigma is 0.9999450911235441.
This is the 4-th iteration. sigma is 0.9998667543391963.
This is the 5-th iteration. sigma is 0.9998353612141413.
This is the 6-th iteration. sigma is 0.9996068794455355.
This is the 7-th iteration. sigma is 0.9993768779014041.
This is the 8-th iteration. sigma is 0.9988601928407589.
This is the 9-th iteration. sigma is 0.9985061083243602.
This is the 10-th iteration. sigma is 0.9976113458447332.
This is the 11-th iteration. sigma is 0.9962605168843721.
This is the 12-th iteration. sigma is 0.9943055854918373.
This is the 13-th iteration. sigma is 0.9927503942253053.
This is the 14-th iteration. sigma is 0.9885295433967791.
This is the 15-th iteration. sigma is 0.9851196615559722.
This is the 16-th iteration. sigma is 0.9821646581577398.
This is the 17-th iteration. sigma is 0.9802245060489726.
This is the 18-th iteration. sigma is 0.9770077310004998.
This is the 19-th iteration. sigma is 0.9734835085844309.
This is the 20-th iteration. sigma is 0.9719935184997524.
This is the 21-th iteration. sigma is 0.9604558915120175.
This is the 22-th iteration. sigma is 0.9595266071910922.
This is the 23-th iteration. sigma is 0.9504727771432246.
This is the 24-th iteration. sigma is 0.9498562675860506.
This is the 25-th iteration. sigma is 0.939559367278727.
This is the 26-th iteration. sigma is 0.9390023446681757.
This is the 27-th iteration. sigma is 0.9328713158542483.
This is the 28-th iteration. sigma is 0.9270129151267719.
This is the 29-th iteration. sigma is 0.9122258465767208.
This is the 30-th iteration. sigma is 0.8952193036509253.
This is the 31-th iteration. sigma is 0.8915899748592995.
This is the 32-th iteration. sigma is 0.8877469424702933.
This is the 33-th iteration. sigma is 0.8797264836217634.
This is the 34-th iteration. sigma is 0.8625725795352908.
This is the 35-th iteration. sigma is 0.8461672051146838.
This is the 36-th iteration. sigma is 0.8430002160182688.
This is the 37-th iteration. sigma is 0.8316773965369291.
This is the 38-th iteration. sigma is 0.8252417365255884.
This is the 39-th iteration. sigma is 0.819246386553129.
This is the 40-th iteration. sigma is 0.8169434832684934.
This is the 41-th iteration. sigma is 0.8047873179370473.
This is the 42-th iteration. sigma is 0.785338927003411.
This is the 43-th iteration. sigma is 0.7763850738991496.
This is the 44-th iteration. sigma is 0.7738164047806981.
This is the 45-th iteration. sigma is 0.7488109866162935.
This is the 46-th iteration. sigma is 0.738034427121448.
This is the 47-th iteration. sigma is 0.727198014417189.
This is the 48-th iteration. sigma is 0.7127748842170414.
This is the 49-th iteration. sigma is 0.6727944933559884.
This is the 50-th iteration. sigma is 0.6626339138852524.
This is the 51-th iteration. sigma is 0.6313689076358968.
This is the 52-th iteration. sigma is 0.5886922234968369.
This is the 53-th iteration. sigma is 0.5594721404057029.
This is the 54-th iteration. sigma is 0.5580759936504454.
This is the 55-th iteration. sigma is 0.5543084758753007.
This is the 56-th iteration. sigma is 0.5364471391480293.
This is the 57-th iteration. sigma is 0.5300784101265508.
This is the 58-th iteration. sigma is 0.5215320502027128.
This is the 59-th iteration. sigma is 0.4968569566196334.
This is the 60-th iteration. sigma is 0.4873730780915986.
This is the 61-th iteration. sigma is 0.41302266820554856.
This is the 62-th iteration. sigma is 0.4050250229474852.
This is the 63-th iteration. sigma is 0.3811227516875592.
This is the 64-th iteration. sigma is 0.375939436600364.
This is the 65-th iteration. sigma is 0.36891508193041933.
This is the 66-th iteration. sigma is 0.340901924918557.
This is the 67-th iteration. sigma is 0.33335461941501865.
This is the 68-th iteration. sigma is 0.32833560039881526.
This is the 69-th iteration. sigma is 0.2670875697127423.
This is the 70-th iteration. sigma is 0.2010284061914951.
This is the 71-th iteration. sigma is 0.1899727823411135.
This is the 72-th iteration. sigma is 0.17321097159592752.
This is the 73-th iteration. sigma is 0.15606538228290898.
This is the 74-th iteration. sigma is 0.1253477598950852.
This is the 75-th iteration. sigma is 0.1169655016853072.
This is the 76-th iteration. sigma is 0.08534877016300356.
This is the 77-th iteration. sigma is 0.07691409978436883.
This is the 78-th iteration. sigma is 0.07427965307693288.
This is the 79-th iteration. sigma is 0.06349873992162544.
This is the 80-th iteration. sigma is 0.03917312232941397.
This is the 81-th iteration. sigma is 0.021184334523929545.
This is the 82-th iteration. sigma is 0.020343565790676525.
This is the 83-th iteration. sigma is 0.01859478216961778.
This is the 84-th iteration. sigma is 0.009089394470931149.
This is the 85-th iteration. sigma is 0.00826956524203188.
This is the 86-th iteration. sigma is 0.006447969870391978.
This is the 87-th iteration. sigma is 0.005947733074428788.
This is the 88-th iteration. sigma is 0.0022304273560389345.
This is the 89-th iteration. sigma is 0.0010242227214546117.
This is the 90-th iteration. sigma is 0.0008600656153978279.
This is the 91-th iteration. sigma is 0.00041459754412620183.
This is the 92-th iteration. sigma is 0.0003674907828615113.
This is the 93-th iteration. sigma is 0.00018589971289855692.
This is the 94-th iteration. sigma is 0.0001522524947846786.
This is the 95-th iteration. sigma is 8.143484754804056e-05.
This is the 96-th iteration. sigma is 3.870618389780774e-05.
This is the 97-th iteration. sigma is 3.1640836543081065e-05.
This is the 98-th iteration. sigma is 1.5516818410974453e-05.
This is the 99-th iteration. sigma is 6.866385336493969e-06.
This is the 100-th iteration. sigma is 4.398480653385403e-06.
This is the 101-th iteration. sigma is 2.085410277431677e-06.
This is the 102-th iteration. sigma is 1.8003113629456613e-06.
This is the 103-th iteration. sigma is 5.677235065280931e-07.
This is the 104-th iteration. sigma is 3.8446912121107515e-07.
This is the 105-th iteration. sigma is 2.7978789819855785e-07.
This is the 106-th iteration. sigma is 2.250586954310059e-07.
This is the 107-th iteration. sigma is 1.694903746904837e-07.
This is the 108-th iteration. sigma is 1.451239012209717e-07.
This is the 109-th iteration. sigma is 1.1161506574563053e-07.
This is the 110-th iteration. sigma is 9.230213377614707e-08.
This is the 111-th iteration. sigma is 7.903453968564645e-08.
This is the 112-th iteration. sigma is 6.432943264429582e-08.
This is the 113-th iteration. sigma is 5.0689678263080495e-08.
This is the 114-th iteration. sigma is 3.6508371270503725e-08.
This is the 115-th iteration. sigma is 3.2009528886589136e-08.
This is the 116-th iteration. sigma is 1.8572394346947325e-08.
This is the 117-th iteration. sigma is 1.7189830551800092e-08.
This is the 118-th iteration. sigma is 1.2209475345814639e-08.
This is the 119-th iteration. sigma is 7.104385110118688e-09.
This is the 120-th iteration. sigma is 5.532425933587761e-09.
This is the 121-th iteration. sigma is 4.596184322188567e-09.
This is the 122-th iteration. sigma is 3.2509060321068644e-09.
This is the 123-th iteration. sigma is 3.11262611713538e-09.
This is the 124-th iteration. sigma is 2.2053557461606302e-09.
This is the 125-th iteration. sigma is 1.9224715578627065e-09.
This is the 126-th iteration. sigma is 1.7688709859907809e-09.
This is the 127-th iteration. sigma is 1.4255202103780614e-09.
This is the 128-th iteration. sigma is 1.0395994344901065e-09.
This is the 129-th iteration. sigma is 6.376327632905165e-10.
This is the 130-th iteration. sigma is 4.293837000238819e-10.
This is the 131-th iteration. sigma is 3.4391520294952083e-10.
This is the 132-th iteration. sigma is 2.45641758238563e-10.
This is the 133-th iteration. sigma is 1.632600308330796e-10.
This is the 134-th iteration. sigma is 1.2252817861443871e-10.
This is the 135-th iteration. sigma is 1.2126353184289498e-10.
This is the 136-th iteration. sigma is 9.999872855130385e-11.
Validating the basis ...
The maximum error is 1.2592982212566994e-10.
The training set is not large enough. Repeat the basis construction with additional 6 vectors.
Constructing training set with the size of 6558 ...
This is the 1-th iteration. sigma is 0.9999972213411321.
This is the 2-th iteration. sigma is 0.9999855253470535.
This is the 3-th iteration. sigma is 0.9999450911235441.
This is the 4-th iteration. sigma is 0.9998667543391963.
This is the 5-th iteration. sigma is 0.9998353612141413.
This is the 6-th iteration. sigma is 0.9996068794455355.
This is the 7-th iteration. sigma is 0.9993768779014041.
This is the 8-th iteration. sigma is 0.9988601928407589.
This is the 9-th iteration. sigma is 0.9985061083243602.
This is the 10-th iteration. sigma is 0.9976113458447332.
This is the 11-th iteration. sigma is 0.9962605168843721.
This is the 12-th iteration. sigma is 0.9943055854918373.
This is the 13-th iteration. sigma is 0.9927503942253053.
This is the 14-th iteration. sigma is 0.9885295433967791.
This is the 15-th iteration. sigma is 0.9851196615559722.
This is the 16-th iteration. sigma is 0.9821646581577398.
This is the 17-th iteration. sigma is 0.9802245060489726.
This is the 18-th iteration. sigma is 0.9770077310004998.
This is the 19-th iteration. sigma is 0.9734835085844309.
This is the 20-th iteration. sigma is 0.9719935184997524.
This is the 21-th iteration. sigma is 0.9614431993457807.
This is the 22-th iteration. sigma is 0.959748774281681.
This is the 23-th iteration. sigma is 0.9594859545625278.
This is the 24-th iteration. sigma is 0.9504424137337606.
This is the 25-th iteration. sigma is 0.9493001752599699.
This is the 26-th iteration. sigma is 0.939441807328345.
This is the 27-th iteration. sigma is 0.932818951851037.
This is the 28-th iteration. sigma is 0.9268784168619985.
This is the 29-th iteration. sigma is 0.9122702815821464.
This is the 30-th iteration. sigma is 0.9095248907411939.
This is the 31-th iteration. sigma is 0.8951631886618228.
This is the 32-th iteration. sigma is 0.8915475402802618.
This is the 33-th iteration. sigma is 0.8876924729894708.
This is the 34-th iteration. sigma is 0.8623915259352877.
This is the 35-th iteration. sigma is 0.8598052558720385.
This is the 36-th iteration. sigma is 0.8565292901184711.
This is the 37-th iteration. sigma is 0.8456291684426449.
This is the 38-th iteration. sigma is 0.8426155568922551.
This is the 39-th iteration. sigma is 0.8249603397434763.
This is the 40-th iteration. sigma is 0.816954102221059.
This is the 41-th iteration. sigma is 0.8071799940931754.
This is the 42-th iteration. sigma is 0.7856012826735066.
This is the 43-th iteration. sigma is 0.7763922525744242.
This is the 44-th iteration. sigma is 0.7738440813104728.
This is the 45-th iteration. sigma is 0.7716523927957933.
This is the 46-th iteration. sigma is 0.7492207386010483.
This is the 47-th iteration. sigma is 0.740972328803664.
This is the 48-th iteration. sigma is 0.7139883375695026.
This is the 49-th iteration. sigma is 0.7082149114892565.
This is the 50-th iteration. sigma is 0.6629543016138946.
This is the 51-th iteration. sigma is 0.6099708109359017.
This is the 52-th iteration. sigma is 0.5887358054227689.
This is the 53-th iteration. sigma is 0.559795832715483.
This is the 54-th iteration. sigma is 0.5546081570424634.
This is the 55-th iteration. sigma is 0.5441616466885884.
This is the 56-th iteration. sigma is 0.5367935748529131.
This is the 57-th iteration. sigma is 0.5295411362642233.
This is the 58-th iteration. sigma is 0.5220732010522502.
This is the 59-th iteration. sigma is 0.5051229901379742.
This is the 60-th iteration. sigma is 0.4870480561536662.
This is the 61-th iteration. sigma is 0.42018530173338015.
This is the 62-th iteration. sigma is 0.41290103494329.
This is the 63-th iteration. sigma is 0.38472555320123336.
This is the 64-th iteration. sigma is 0.37422888089808815.
This is the 65-th iteration. sigma is 0.36953065443812894.
This is the 66-th iteration. sigma is 0.3412658339643748.
This is the 67-th iteration. sigma is 0.335157720713482.
This is the 68-th iteration. sigma is 0.33229717717560536.
This is the 69-th iteration. sigma is 0.27406020141664306.
This is the 70-th iteration. sigma is 0.20038064141448236.
This is the 71-th iteration. sigma is 0.1885876163063532.
This is the 72-th iteration. sigma is 0.17315836409977292.
This is the 73-th iteration. sigma is 0.12518226878281075.
This is the 74-th iteration. sigma is 0.11814455045149555.
This is the 75-th iteration. sigma is 0.10929938987211388.
This is the 76-th iteration. sigma is 0.09490676036643292.
This is the 77-th iteration. sigma is 0.08996016498535953.
This is the 78-th iteration. sigma is 0.07688312605554584.
This is the 79-th iteration. sigma is 0.06223628156914672.
This is the 80-th iteration. sigma is 0.04575252638274932.
This is the 81-th iteration. sigma is 0.02037293715792582.
This is the 82-th iteration. sigma is 0.018800700693247373.
This is the 83-th iteration. sigma is 0.017771463380188573.
This is the 84-th iteration. sigma is 0.010149956417663595.
This is the 85-th iteration. sigma is 0.008015276221378494.
This is the 86-th iteration. sigma is 0.005923634314733113.
This is the 87-th iteration. sigma is 0.0038621379314168493.
This is the 88-th iteration. sigma is 0.0026434695750012184.
This is the 89-th iteration. sigma is 0.001448651997079991.
This is the 90-th iteration. sigma is 0.0010131191986231837.
This is the 91-th iteration. sigma is 0.00035320840295892636.
This is the 92-th iteration. sigma is 0.0003363247842933564.
This is the 93-th iteration. sigma is 0.0002858189674877432.
This is the 94-th iteration. sigma is 0.0001280379585409729.
This is the 95-th iteration. sigma is 0.00011481883301428953.
This is the 96-th iteration. sigma is 6.700026711193792e-05.
This is the 97-th iteration. sigma is 4.341019080373942e-05.
This is the 98-th iteration. sigma is 2.6191901659600133e-05.
This is the 99-th iteration. sigma is 8.987213055874191e-06.
This is the 100-th iteration. sigma is 3.4399354374671357e-06.
This is the 101-th iteration. sigma is 2.341714216895883e-06.
This is the 102-th iteration. sigma is 1.9899739228056533e-06.
This is the 103-th iteration. sigma is 7.332349176579769e-07.
This is the 104-th iteration. sigma is 6.028156952522377e-07.
This is the 105-th iteration. sigma is 3.582519272378654e-07.
This is the 106-th iteration. sigma is 1.853254767649602e-07.
This is the 107-th iteration. sigma is 1.6277592783135445e-07.
This is the 108-th iteration. sigma is 8.696234771131262e-08.
This is the 109-th iteration. sigma is 7.36773143715882e-08.
This is the 110-th iteration. sigma is 7.146459493034734e-08.
This is the 111-th iteration. sigma is 5.860432514928589e-08.
This is the 112-th iteration. sigma is 4.890198148194123e-08.
This is the 113-th iteration. sigma is 3.982922046349197e-08.
This is the 114-th iteration. sigma is 3.213533706358417e-08.
This is the 115-th iteration. sigma is 2.480784438354564e-08.
This is the 116-th iteration. sigma is 2.293134706243696e-08.
This is the 117-th iteration. sigma is 1.6053250750414578e-08.
This is the 118-th iteration. sigma is 1.5533049427601035e-08.
This is the 119-th iteration. sigma is 9.131738074949503e-09.
This is the 120-th iteration. sigma is 9.023921308733523e-09.
This is the 121-th iteration. sigma is 6.273397775892788e-09.
This is the 122-th iteration. sigma is 5.421324716278657e-09.
This is the 123-th iteration. sigma is 4.015942297093119e-09.
This is the 124-th iteration. sigma is 2.4856731263027614e-09.
This is the 125-th iteration. sigma is 2.188853869074774e-09.
This is the 126-th iteration. sigma is 1.411634145473006e-09.
This is the 127-th iteration. sigma is 1.1027895362207697e-09.
This is the 128-th iteration. sigma is 7.8287518355694e-10.
This is the 129-th iteration. sigma is 6.097058613708812e-10.
This is the 130-th iteration. sigma is 4.069654875675863e-10.
This is the 131-th iteration. sigma is 3.3339138132530637e-10.
This is the 132-th iteration. sigma is 2.4438409896029963e-10.
This is the 133-th iteration. sigma is 2.2144279577231647e-10.
This is the 134-th iteration. sigma is 1.5173564085586388e-10.
This is the 135-th iteration. sigma is 1.2787427081107803e-10.
This is the 136-th iteration. sigma is 9.999933099420288e-11.
Validating the basis ...
The maximum error is 1.067248511787966e-10.
The training set is not large enough. Repeat the basis construction with additional 3 vectors.
Constructing training set with the size of 6561 ...
This is the 1-th iteration. sigma is 0.9999972213411321.
This is the 2-th iteration. sigma is 0.9999855253470535.
This is the 3-th iteration. sigma is 0.9999450911235441.
This is the 4-th iteration. sigma is 0.9998667543391963.
This is the 5-th iteration. sigma is 0.9998353612141413.
This is the 6-th iteration. sigma is 0.9996068794455355.
This is the 7-th iteration. sigma is 0.9993768779014041.
This is the 8-th iteration. sigma is 0.9988601928407589.
This is the 9-th iteration. sigma is 0.9985061083243602.
This is the 10-th iteration. sigma is 0.9976113458447332.
This is the 11-th iteration. sigma is 0.9962605168843721.
This is the 12-th iteration. sigma is 0.9943055854918373.
This is the 13-th iteration. sigma is 0.9927503942253053.
This is the 14-th iteration. sigma is 0.9885295433967791.
This is the 15-th iteration. sigma is 0.9851196615559722.
This is the 16-th iteration. sigma is 0.9821646581577398.
This is the 17-th iteration. sigma is 0.9802245060489726.
This is the 18-th iteration. sigma is 0.9770077310004998.
This is the 19-th iteration. sigma is 0.9734835085844309.
This is the 20-th iteration. sigma is 0.9719935184997524.
This is the 21-th iteration. sigma is 0.9614431993457807.
This is the 22-th iteration. sigma is 0.959748774281681.
This is the 23-th iteration. sigma is 0.9594859545625278.
This is the 24-th iteration. sigma is 0.9504424137337606.
This is the 25-th iteration. sigma is 0.9493001752599699.
This is the 26-th iteration. sigma is 0.939441807328345.
This is the 27-th iteration. sigma is 0.932818951851037.
This is the 28-th iteration. sigma is 0.9268784168619985.
This is the 29-th iteration. sigma is 0.9122702815821464.
This is the 30-th iteration. sigma is 0.9095248907411939.
This is the 31-th iteration. sigma is 0.8951631886618228.
This is the 32-th iteration. sigma is 0.8915475402802618.
This is the 33-th iteration. sigma is 0.8876924729894708.
This is the 34-th iteration. sigma is 0.8623915259352877.
This is the 35-th iteration. sigma is 0.8598052558720385.
This is the 36-th iteration. sigma is 0.8565292901184711.
This is the 37-th iteration. sigma is 0.8456291684426449.
This is the 38-th iteration. sigma is 0.8426155568922551.
This is the 39-th iteration. sigma is 0.8249603397434763.
This is the 40-th iteration. sigma is 0.816954102221059.
This is the 41-th iteration. sigma is 0.8071799940931754.
This is the 42-th iteration. sigma is 0.7856012826735066.
This is the 43-th iteration. sigma is 0.7763922525744242.
This is the 44-th iteration. sigma is 0.7738440813104728.
This is the 45-th iteration. sigma is 0.7716523927957933.
This is the 46-th iteration. sigma is 0.7492207386010483.
This is the 47-th iteration. sigma is 0.740972328803664.
This is the 48-th iteration. sigma is 0.7139883375695026.
This is the 49-th iteration. sigma is 0.7082149114892565.
This is the 50-th iteration. sigma is 0.6629543016138946.
This is the 51-th iteration. sigma is 0.6099708109359017.
This is the 52-th iteration. sigma is 0.5887358054227689.
This is the 53-th iteration. sigma is 0.559795832715483.
This is the 54-th iteration. sigma is 0.5546081570424634.
This is the 55-th iteration. sigma is 0.5441616466885884.
This is the 56-th iteration. sigma is 0.5367935748529131.
This is the 57-th iteration. sigma is 0.5295411362642233.
This is the 58-th iteration. sigma is 0.5220732010522502.
This is the 59-th iteration. sigma is 0.5051229901379742.
This is the 60-th iteration. sigma is 0.4870480561536662.
This is the 61-th iteration. sigma is 0.42018530173338015.
This is the 62-th iteration. sigma is 0.41290103494329.
This is the 63-th iteration. sigma is 0.38472555320123336.
This is the 64-th iteration. sigma is 0.37422888089808815.
This is the 65-th iteration. sigma is 0.36953065443812894.
This is the 66-th iteration. sigma is 0.3412658339643748.
This is the 67-th iteration. sigma is 0.335157720713482.
This is the 68-th iteration. sigma is 0.33229717717560536.
This is the 69-th iteration. sigma is 0.27406020141664306.
This is the 70-th iteration. sigma is 0.20038064141448236.
This is the 71-th iteration. sigma is 0.1885876163063532.
This is the 72-th iteration. sigma is 0.17315836409977292.
This is the 73-th iteration. sigma is 0.12518226878281075.
This is the 74-th iteration. sigma is 0.11814455045149555.
This is the 75-th iteration. sigma is 0.10929938987211388.
This is the 76-th iteration. sigma is 0.09490676036643292.
This is the 77-th iteration. sigma is 0.08996016498535953.
This is the 78-th iteration. sigma is 0.07688312605554584.
This is the 79-th iteration. sigma is 0.06223628156914672.
This is the 80-th iteration. sigma is 0.04575252638274932.
This is the 81-th iteration. sigma is 0.02037293715792582.
This is the 82-th iteration. sigma is 0.018800700693247373.
This is the 83-th iteration. sigma is 0.017771463380188573.
This is the 84-th iteration. sigma is 0.010149956417663595.
This is the 85-th iteration. sigma is 0.008015276221378494.
This is the 86-th iteration. sigma is 0.005923634314733113.
This is the 87-th iteration. sigma is 0.0038621379314168493.
This is the 88-th iteration. sigma is 0.0026434695750012184.
This is the 89-th iteration. sigma is 0.001448651997079991.
This is the 90-th iteration. sigma is 0.0010131191986231837.
This is the 91-th iteration. sigma is 0.00035320840295892636.
This is the 92-th iteration. sigma is 0.0003363247842933564.
This is the 93-th iteration. sigma is 0.0002858189674877432.
This is the 94-th iteration. sigma is 0.0001280379585409729.
This is the 95-th iteration. sigma is 0.00011481883301428953.
This is the 96-th iteration. sigma is 6.700026711193792e-05.
This is the 97-th iteration. sigma is 4.341019080373942e-05.
This is the 98-th iteration. sigma is 2.6191901659600133e-05.
This is the 99-th iteration. sigma is 8.987213055874191e-06.
This is the 100-th iteration. sigma is 3.4399354374671357e-06.
This is the 101-th iteration. sigma is 2.341714216895883e-06.
This is the 102-th iteration. sigma is 1.9899739228056533e-06.
This is the 103-th iteration. sigma is 7.332349176579769e-07.
This is the 104-th iteration. sigma is 6.028156952522377e-07.
This is the 105-th iteration. sigma is 3.582519272378654e-07.
This is the 106-th iteration. sigma is 1.853254767649602e-07.
This is the 107-th iteration. sigma is 1.6277592783135445e-07.
This is the 108-th iteration. sigma is 8.696234771131262e-08.
This is the 109-th iteration. sigma is 7.36773143715882e-08.
This is the 110-th iteration. sigma is 7.146459493034734e-08.
This is the 111-th iteration. sigma is 5.860432514928589e-08.
This is the 112-th iteration. sigma is 4.890198148194123e-08.
This is the 113-th iteration. sigma is 3.982922046349197e-08.
This is the 114-th iteration. sigma is 3.213533706358417e-08.
This is the 115-th iteration. sigma is 2.480784438354564e-08.
This is the 116-th iteration. sigma is 2.293134706243696e-08.
This is the 117-th iteration. sigma is 1.6053250750414578e-08.
This is the 118-th iteration. sigma is 1.5533049427601035e-08.
This is the 119-th iteration. sigma is 9.131738074949503e-09.
This is the 120-th iteration. sigma is 9.023921308733523e-09.
This is the 121-th iteration. sigma is 6.273397775892788e-09.
This is the 122-th iteration. sigma is 5.421324716278657e-09.
This is the 123-th iteration. sigma is 4.015942297093119e-09.
This is the 124-th iteration. sigma is 2.4856731263027614e-09.
This is the 125-th iteration. sigma is 2.188853869074774e-09.
This is the 126-th iteration. sigma is 1.411634145473006e-09.
This is the 127-th iteration. sigma is 1.1027895362207697e-09.
This is the 128-th iteration. sigma is 7.8287518355694e-10.
This is the 129-th iteration. sigma is 6.097058613708812e-10.
This is the 130-th iteration. sigma is 4.069654875675863e-10.
This is the 131-th iteration. sigma is 3.3339138132530637e-10.
This is the 132-th iteration. sigma is 2.4438409896029963e-10.
This is the 133-th iteration. sigma is 2.2144279577231647e-10.
This is the 134-th iteration. sigma is 1.5173564085586388e-10.
This is the 135-th iteration. sigma is 1.2787427081107803e-10.
This is the 136-th iteration. sigma is 1.0673016693884025e-10.
This is the 137-th iteration. sigma is 9.999933099420288e-11.
Validating the basis ...
The maximum error is 8.456024769287751e-11.
Basis construction was done!
HEY THERE, total time was:
4496.485245704651
