000 (18210063.000.000) 2024-04-13 02:26:51 Job submitted from host: <10.14.0.121:9618?addrs=10.14.0.121-9618+[fde1-53ba-e9a0-de11-c925-65-8543-e173]-9618&alias=ldas-pcdev12.ligo.caltech.edu&noUDP&sock=schedd_7909_7ea0>
...
009 (18210063.000.000) 2024-04-13 02:27:13 Job was aborted.
	via condor_rm (by user thibeau.wouters)
...
000 (18210064.000.000) 2024-04-13 02:27:57 Job submitted from host: <10.14.0.121:9618?addrs=10.14.0.121-9618+[fde1-53ba-e9a0-de11-c925-65-8543-e173]-9618&alias=ldas-pcdev12.ligo.caltech.edu&noUDP&sock=schedd_7909_7ea0>
...
001 (18210064.000.000) 2024-04-13 02:28:20 Job executing on host: <10.14.9.90:9618?addrs=10.14.9.90-9618&alias=node2090.cluster.ldas.cit&noUDP&sock=startd_10170_5a42>
	SlotName: slot1_16@node2090.cluster.ldas.cit
	CondorScratchDir = "/local/condor/execute/dir_4071233"
	Cpus = 1
	Disk = 1117636
	GPUs = 0
	Memory = 15104
...
006 (18210064.000.000) 2024-04-13 02:28:29 Image size of job updated: 178868
	175  -  MemoryUsage of job (MB)
	178868  -  ResidentSetSize of job (KB)
...
006 (18210064.000.000) 2024-04-13 02:33:30 Image size of job updated: 713296
	563  -  MemoryUsage of job (MB)
	575760  -  ResidentSetSize of job (KB)
...
006 (18210064.000.000) 2024-04-13 02:38:30 Image size of job updated: 713296
	616  -  MemoryUsage of job (MB)
	630188  -  ResidentSetSize of job (KB)
...
006 (18210064.000.000) 2024-04-13 02:43:31 Image size of job updated: 2272980
	1351  -  MemoryUsage of job (MB)
	1382692  -  ResidentSetSize of job (KB)
...
006 (18210064.000.000) 2024-04-13 02:53:32 Image size of job updated: 2320712
	2267  -  MemoryUsage of job (MB)
	2320468  -  ResidentSetSize of job (KB)
...
006 (18210064.000.000) 2024-04-13 02:58:32 Image size of job updated: 2322516
	2267  -  MemoryUsage of job (MB)
	2320468  -  ResidentSetSize of job (KB)
...
006 (18210064.000.000) 2024-04-13 03:08:33 Image size of job updated: 2344864
	2267  -  MemoryUsage of job (MB)
	2320468  -  ResidentSetSize of job (KB)
...
006 (18210064.000.000) 2024-04-13 03:23:35 Image size of job updated: 2345056
	2267  -  MemoryUsage of job (MB)
	2320468  -  ResidentSetSize of job (KB)
...
006 (18210064.000.000) 2024-04-13 03:33:36 Image size of job updated: 2345056
	2284  -  MemoryUsage of job (MB)
	2338224  -  ResidentSetSize of job (KB)
...
005 (18210064.000.000) 2024-04-13 03:43:20 Job terminated.
	(1) Normal termination (return value 0)
		Usr 0 01:12:12, Sys 0 00:00:21  -  Run Remote Usage
		Usr 0 00:00:00, Sys 0 00:00:00  -  Run Local Usage
		Usr 0 01:12:12, Sys 0 00:00:21  -  Total Remote Usage
		Usr 0 00:00:00, Sys 0 00:00:00  -  Total Local Usage
	0  -  Run Bytes Sent By Job
	0  -  Run Bytes Received By Job
	0  -  Total Bytes Sent By Job
	0  -  Total Bytes Received By Job
	Partitionable Resources :    Usage  Request Allocated 
	   Cpus                 :     0.96        1         1 
	   Disk (KB)            : 17500     1024000   1117636 
	   GPUs                 :                           0 
	   Memory (MB)          :  2284       15000     15104 
	   TimeExecute (s)      :  4500                       
	   TimeSlotBusy (s)     :  4500                       

	Job terminated of its own accord at 2024-04-13T10:43:20Z with exit-code 0.
...
