000 (18210082.000.000) 2024-04-13 02:37:35 Job submitted from host: <10.14.0.121:9618?addrs=10.14.0.121-9618+[fde1-53ba-e9a0-de11-c925-65-8543-e173]-9618&alias=ldas-pcdev12.ligo.caltech.edu&noUDP&sock=schedd_7909_7ea0>
...
012 (18210082.000.000) 2024-04-13 02:38:05 Job was held.
	Disk usage 17500 > Disk requested 1000.
	Code 26 Subcode 0
...
009 (18210082.000.000) 2024-04-13 02:38:53 Job was aborted.
	via condor_rm (by user thibeau.wouters)
...
000 (18210097.000.000) 2024-04-13 02:39:32 Job submitted from host: <10.14.0.121:9618?addrs=10.14.0.121-9618+[fde1-53ba-e9a0-de11-c925-65-8543-e173]-9618&alias=ldas-pcdev12.ligo.caltech.edu&noUDP&sock=schedd_7909_7ea0>
...
009 (18210097.000.000) 2024-04-13 02:39:40 Job was aborted.
	via condor_rm (by user thibeau.wouters)
...
000 (18210102.000.000) 2024-04-13 02:39:57 Job submitted from host: <10.14.0.121:9618?addrs=10.14.0.121-9618+[fde1-53ba-e9a0-de11-c925-65-8543-e173]-9618&alias=ldas-pcdev12.ligo.caltech.edu&noUDP&sock=schedd_7909_7ea0>
...
001 (18210102.000.000) 2024-04-13 02:40:43 Job executing on host: <10.14.10.54:9618?addrs=10.14.10.54-9618&alias=node2304.cluster.ldas.cit&noUDP&sock=startd_8412_82c3>
	SlotName: slot1_6@node2304.cluster.ldas.cit
	CondorScratchDir = "/local/condor/execute/dir_1490496"
	Cpus = 1
	Disk = 1144469
	GPUs = 0
	Memory = 15104
...
006 (18210102.000.000) 2024-04-13 02:40:43 Image size of job updated: 17500
	5  -  MemoryUsage of job (MB)
	4480  -  ResidentSetSize of job (KB)
...
005 (18210102.000.000) 2024-04-13 02:40:43 Job terminated.
	(1) Normal termination (return value 2)
		Usr 0 00:00:00, Sys 0 00:00:00  -  Run Remote Usage
		Usr 0 00:00:00, Sys 0 00:00:00  -  Run Local Usage
		Usr 0 00:00:00, Sys 0 00:00:00  -  Total Remote Usage
		Usr 0 00:00:00, Sys 0 00:00:00  -  Total Local Usage
	0  -  Run Bytes Sent By Job
	0  -  Run Bytes Received By Job
	0  -  Total Bytes Sent By Job
	0  -  Total Bytes Received By Job
	Partitionable Resources :    Usage  Request Allocated 
	   Cpus                 :                 1         1 
	   Disk (KB)            :    17500  1024000   1144469 
	   GPUs                 :                           0 
	   Memory (MB)          :        5    15000     15104 
	   TimeExecute (s)      :        0                    
	   TimeSlotBusy (s)     :        0                    

	Job terminated of its own accord at 2024-04-13T09:40:43Z with exit-code 2.
...
000 (18210112.000.000) 2024-04-13 02:41:37 Job submitted from host: <10.14.0.121:9618?addrs=10.14.0.121-9618+[fde1-53ba-e9a0-de11-c925-65-8543-e173]-9618&alias=ldas-pcdev12.ligo.caltech.edu&noUDP&sock=schedd_7909_7ea0>
...
001 (18210112.000.000) 2024-04-13 02:42:10 Job executing on host: <10.14.4.92:9618?addrs=10.14.4.92-9618&alias=node842.cluster.ldas.cit&noUDP&sock=startd_3477753_de90>
	SlotName: slot1_10@node842.cluster.ldas.cit
	CondorScratchDir = "/local/condor/execute/dir_3000661"
	Cpus = 1
	Disk = 1144468
	GPUs = 0
	Memory = 15104
...
006 (18210112.000.000) 2024-04-13 02:42:19 Image size of job updated: 159800
	157  -  MemoryUsage of job (MB)
	159800  -  ResidentSetSize of job (KB)
...
006 (18210112.000.000) 2024-04-13 02:47:20 Image size of job updated: 640136
	486  -  MemoryUsage of job (MB)
	497244  -  ResidentSetSize of job (KB)
...
005 (18210112.000.000) 2024-04-13 02:58:49 Job terminated.
	(1) Normal termination (return value 1)
		Usr 0 00:16:29, Sys 0 00:00:00  -  Run Remote Usage
		Usr 0 00:00:00, Sys 0 00:00:00  -  Run Local Usage
		Usr 0 00:16:29, Sys 0 00:00:00  -  Total Remote Usage
		Usr 0 00:00:00, Sys 0 00:00:00  -  Total Local Usage
	0  -  Run Bytes Sent By Job
	0  -  Run Bytes Received By Job
	0  -  Total Bytes Sent By Job
	0  -  Total Bytes Received By Job
	Partitionable Resources :    Usage  Request Allocated 
	   Cpus                 :     0.99        1         1 
	   Disk (KB)            : 17500     1024000   1144468 
	   GPUs                 :                           0 
	   Memory (MB)          :   486       15000     15104 
	   TimeExecute (s)      :   999                       
	   TimeSlotBusy (s)     :   999                       

	Job terminated of its own accord at 2024-04-13T09:58:49Z with exit-code 1.
...
000 (18218710.000.000) 2024-04-14 07:18:42 Job submitted from host: <10.14.0.121:9618?addrs=10.14.0.121-9618+[fde1-53ba-e9a0-de11-c925-65-8543-e173]-9618&alias=ldas-pcdev12.ligo.caltech.edu&noUDP&sock=schedd_7909_7ea0>
...
001 (18218710.000.000) 2024-04-14 07:20:49 Job executing on host: <10.14.9.75:9618?addrs=10.14.9.75-9618&alias=node2075.cluster.ldas.cit&noUDP&sock=startd_9944_55da>
	SlotName: slot1_16@node2075.cluster.ldas.cit
	CondorScratchDir = "/local/condor/execute/dir_1230830"
	Cpus = 1
	Disk = 1117636
	GPUs = 0
	Memory = 15104
...
006 (18218710.000.000) 2024-04-14 07:20:58 Image size of job updated: 152468
	149  -  MemoryUsage of job (MB)
	152468  -  ResidentSetSize of job (KB)
...
006 (18218710.000.000) 2024-04-14 07:25:59 Image size of job updated: 640856
	484  -  MemoryUsage of job (MB)
	495556  -  ResidentSetSize of job (KB)
...
006 (18218710.000.000) 2024-04-14 07:41:00 Image size of job updated: 1284860
	815  -  MemoryUsage of job (MB)
	833660  -  ResidentSetSize of job (KB)
...
006 (18218710.000.000) 2024-04-14 07:56:01 Image size of job updated: 1326656
	822  -  MemoryUsage of job (MB)
	840952  -  ResidentSetSize of job (KB)
...
005 (18218710.000.000) 2024-04-14 08:05:53 Job terminated.
	(1) Normal termination (return value 0)
		Usr 0 00:44:21, Sys 0 00:00:06  -  Run Remote Usage
		Usr 0 00:00:00, Sys 0 00:00:00  -  Run Local Usage
		Usr 0 00:44:21, Sys 0 00:00:06  -  Total Remote Usage
		Usr 0 00:00:00, Sys 0 00:00:00  -  Total Local Usage
	0  -  Run Bytes Sent By Job
	0  -  Run Bytes Received By Job
	0  -  Total Bytes Sent By Job
	0  -  Total Bytes Received By Job
	Partitionable Resources :    Usage  Request Allocated 
	   Cpus                 :     0.99        1         1 
	   Disk (KB)            : 17500     1024000   1117636 
	   GPUs                 :                           0 
	   Memory (MB)          :   822       15000     15104 
	   TimeExecute (s)      :  2704                       
	   TimeSlotBusy (s)     :  2704                       

	Job terminated of its own accord at 2024-04-14T15:05:53Z with exit-code 0.
...
